Enter put_SetUKeyIDRandom.
sn:8342125261
aczDT:20120519162730
aczCode:F75CF7F5F0FFFF7FCCCCC8CEC2C0C6C8C7C8
UkeyIDLen:36
Enter put_SetUKeyIDRandom.
sn:8342125261
aczDT:20120519162730
aczCode:F75CF7F5F0FFFF7FCCCCC8CEC2C0C6C8C7C8
UkeyIDLen:36
Enter put_SetUKeyIDRandom.
sn:8342125261
aczDT:20120519162730
aczCode:F75CF7F5F0FFFF7FCCCCC8CEC2C0C6C8C7C8
UkeyIDLen:36
Enter put_SetUKeyIDRandom.
sn:8342125261
aczDT:20120519162730
aczCode:F75CF7F5F0FFFF7FCCCCC8CEC2C0C6C8C7C8
UkeyIDLen:36
Enter put_SetUKeyIDRandom.
sn:8342125261
aczDT:CF8F1B3384205A
aczCode:F75CF7F5F0FFFF7FC3CC8FCEC8C081C880C8
UkeyIDLen:36
Enter put_SetUKeyIDRandom.
sn:8342125261
aczDT:D3FDEAA95A45C4
aczCode:F75CF7F5F0FFFF7F88CC8ECE8FC084C8C8C8
UkeyIDLen:36
Enter put_SetUKeyIDRandom.
sn:8342125261
aczDT:D3FDEAA95A45C4
aczCode:F8537EF2FF75F8F9888FC28480C8C788CE8E
UkeyIDLen:36
Enter put_SetUKeyIDRandom.
sn:8342125261
aczDT:D3FDEAA95A45C4
aczCode:FE5575F97E77FF7582C8C6888F8E828FC084
UkeyIDLen:36
Enter put_SetUKeyIDRandom.
sn:8342125261
aczDT:D3FDEAA95A45C4
aczCode:F871727072F7F27FC28FC88485C88C88878E
UkeyIDLen:36
Enter put_SetUKeyIDRandom.
sn:8342125261
aczDT:D3FDEAA95A45C4
aczCode:F95EF37EF3F0F57E8FC784C6C88F88C18ECC
UkeyIDLen:36
Enter put_SetUKeyIDRandom.
sn:8342125261
aczDT:D3FDEAA95A45C4
aczCode:FC757FF3FCF3F0FF848CC8C188C08EC18FCF
UkeyIDLen:36
Enter put_SetUKeyIDRandom.
sn:8342125261
aczDT:D3FDEAA95A45C4
aczCode:F25EFEF27FF370F98EC18F8F84C0C8C7888E
UkeyIDLen:36
Enter put_SetUKeyIDRandom.
sn:8342125261
aczDT:BFA58F7A089D50
aczCode:F75CF7F5F0FFFF7F8CCCCCCECBC086C880C8
UkeyIDLen:36
Enter put_SetUKeyIDRandom.
sn:8342125261
aczDT:BFA58F7A089D50
aczCode:F8537EF2FF75F8F988CBC2868080C78CCECC
UkeyIDLen:36
